<?xml version="1.0" encoding="UTF-8"?>
<!-- Generated by org.testng.reporters.JUnitReportReporter -->
<testsuite skipped="0" hostname="BLRKEC334480D" name="app.tests.EndToEndTestCases" tests="1" failures="0" timestamp="05 Oct 2018 09:13:59 GMT" time="224.938" errors="0">
  <testcase name="EndToEndTest" time="224.938" classname="app.tests.EndToEndTestCases"/>
</testsuite> <!-- app.tests.EndToEndTestCases -->
